# Logfile created on 2015-03-22 00:40:19 +0100 by logger.rb/47272
I, [2015-03-22T00:41:08.124311 #28441]  INFO -- : ["[\n","  {\n","    \"id\": \"550da9339260a9f59903a321\",\n","    \"user\": \"testusername\",\n","    \"vehicle_id\": 2,\n","    \"tyre_pressure\": 49,\n","    \"time\": \"Sat Mar 21 2015 21:59:18 GMT+0100 (W. Europe Standard Time)\"\n","  },\n","  {\n","    \"id\": \"550da93304dae6ebdc334196\",\n","    \"user\": \"testusername\",\n","    \"vehicle_id\": 6,\n","    \"tyre_pressure\": 16,\n","    \"time\": \"Wed Mar 25 2015 13:55:04 GMT+0100 (W. Europe Standard Time)\"\n","  },\n","  {\n","    \"id\": \"550da933b601fff5905e8ea9\",\n","    \"user\": \"testusername\",\n","    \"vehicle_id\": 9,\n","    \"tyre_pressure\": 34,\n","    \"time\": \"Sat Mar 28 2015 14:14:54 GMT+0100 (W. Europe Standard Time)\"\n","  },\n","  {\n","    \"id\": \"550da933af556f936a33e600\",\n","    \"user\": \"testusername\",\n","    \"vehicle_id\": 1,\n","    \"tyre_pressure\": 22,\n","    \"time\": \"Fri Mar 27 2015 06:07:35 GMT+0100 (W. Europe Standard Time)\"\n","  },\n","  {\n","    \"id\": \"550da9331b3ab081e510bae3\",\n","    \"user\": \"testusername\",\n","    \"vehicle_id\": 1,\n","    \"tyre_pressure\": 22,\n","    \"time\": \"Sat Mar 21 2015 21:22:53 GMT+0100 (W. Europe Standard Time)\"\n","  },\n","  {\n","    \"id\": \"550da9335cc42c5bdb865aa8\",\n","    \"user\": \"testusername\",\n","    \"vehicle_id\": 1,\n","    \"tyre_pressure\": 38,\n","    \"time\": \"Fri Mar 27 2015 02:32:50 GMT+0100 (W. Europe Standard Time)\"\n","  },\n","  {\n","    \"id\": \"550da9338230351aa6e4ff8d\",\n","    \"user\": \"testusername\",\n","    \"vehicle_id\": 4,\n","    \"tyre_pressure\": 47,\n","    \"time\": \"Thu Apr 02 2015 05:14:41 GMT+0200 (W. Europe Daylight Time)\"\n","  },\n","  {\n","    \"id\": \"550da933baab57a2be3fc108\",\n","    \"user\": \"testusername\",\n","    \"vehicle_id\": 7,\n","    \"tyre_pressure\": 53,\n","    \"time\": \"Wed Apr 01 2015 08:28:54 GMT+0200 (W. Europe Daylight Time)\"\n","  },\n","  {\n","    \"id\": \"550da9334638abc3b4212c11\",\n","    \"user\": \"testusername\",\n","    \"vehicle_id\": 5,\n","    \"tyre_pressure\": 31,\n","    \"time\": \"Tue Mar 24 2015 14:01:29 GMT+0100 (W. Europe Standard Time)\"\n","  },\n","  {\n","    \"id\": \"550da933f3197611cbaa1321\",\n","    \"user\": \"testusername\",\n","    \"vehicle_id\": 9,\n","    \"tyre_pressure\": 38,\n","    \"time\": \"Thu Mar 26 2015 17:42:48 GMT+0100 (W. Europe Standard Time)\"\n","  },\n","  {\n","    \"id\": \"550da933ffd5f769063a7d55\",\n","    \"user\": \"testusername\",\n","    \"vehicle_id\": 8,\n","    \"tyre_pressure\": 27,\n","    \"time\": \"Wed Mar 25 2015 07:16:09 GMT+0100 (W. Europe Standard Time)\"\n","  },\n","  {\n","    \"id\": \"550da93370b9846db1a0e560\",\n","    \"user\": \"testusername\",\n","    \"vehicle_id\": 3,\n","    \"tyre_pressure\": 15,\n","    \"time\": \"Thu Apr 02 2015 14:02:15 GMT+0200 (W. Europe Daylight Time)\"\n","  },\n","  {\n","    \"id\": \"550da933da50376154b28cea\",\n","    \"user\": \"testusername\",\n","    \"vehicle_id\": 8,\n","    \"tyre_pressure\": 45,\n","    \"time\": \"Thu Mar 26 2015 02:29:10 GMT+0100 (W. Europe Standard Time)\"\n","  },\n","  {\n","    \"id\": \"550da9337cf2f657df9e1dfe\",\n","    \"user\": \"testusername\",\n","    \"vehicle_id\": 1,\n","    \"tyre_pressure\": 5,\n","    \"time\": \"Sat Mar 28 2015 02:37:38 GMT+0100 (W. Europe Standard Time)\"\n","  },\n","  {\n","    \"id\": \"550da933a9c9b0fb8550711c\",\n","    \"user\": \"testusername\",\n","    \"vehicle_id\": 3,\n","    \"tyre_pressure\": 10,\n","    \"time\": \"Thu Apr 02 2015 03:51:47 GMT+0200 (W. Europe Daylight Time)\"\n","  },\n","  {\n","    \"id\": \"550da933c652b406187b0327\",\n","    \"user\": \"testusername\",\n","    \"vehicle_id\": 2,\n","    \"tyre_pressure\": 28,\n","    \"time\": \"Sun Mar 29 2015 11:58:39 GMT+0200 (W. Europe Daylight Time)\"\n","  },\n","  {\n","    \"id\": \"550da93345f432b29e3100f6\",\n","    \"user\": \"testusername\",\n","    \"vehicle_id\": 2,\n","    \"tyre_pressure\": 52,\n","    \"time\": \"Mon Mar 23 2015 09:42:05 GMT+0100 (W. Europe Standard Time)\"\n","  },\n","  {\n","    \"id\": \"550da93361e1e22764c7402d\",\n","    \"user\": \"testusername\",\n","    \"vehicle_id\": 8,\n","    \"tyre_pressure\": 33,\n","    \"time\": \"Sun Mar 29 2015 21:24:33 GMT+0200 (W. Europe Daylight Time)\"\n","  },\n","  {\n","    \"id\": \"550da933492d418e2bc125b6\",\n","    \"user\": \"testusername\",\n","    \"vehicle_id\": 6,\n","    \"tyre_pressure\": 13,\n","    \"time\": \"Wed Mar 25 2015 06:33:16 GMT+0100 (W. Europe Standard Time)\"\n","  },\n","  {\n","    \"id\": \"550da9336372e9fd7b52cccd\",\n","    \"user\": \"testusername\",\n","    \"vehicle_id\": 5,\n","    \"tyre_pressure\": 49,\n","    \"time\": \"Sun Mar 29 2015 10:27:03 GMT+0200 (W. Europe Daylight Time)\"\n","  },\n","  {\n","    \"id\": \"550da9337cbbe6e1fd583625\",\n","    \"user\": \"testusername\",\n","    \"vehicle_id\": 3,\n","    \"tyre_pressure\": 23,\n","    \"time\": \"Sun Mar 29 2015 09:06:37 GMT+0200 (W. Europe Daylight Time)\"\n","  },\n","  {\n","    \"id\": \"550da933e9a6445f44cc71bf\",\n","    \"user\": \"testusername\",\n","    \"vehicle_id\": 6,\n","    \"tyre_pressure\": 30,\n","    \"time\": \"Mon Mar 23 2015 06:52:39 GMT+0100 (W. Europe Standard Time)\"\n","  },\n","  {\n","    \"id\": \"550da933702eb2f26154356d\",\n","    \"user\": \"testusername\",\n","    \"vehicle_id\": 8,\n","    \"tyre_pressure\": 15,\n","    \"time\": \"Mon Mar 30 2015 12:11:48 GMT+0200 (W. Europe Daylight Time)\"\n","  },\n","  {\n","    \"id\": \"550da933fbaf30e9b0f9cf6b\",\n","    \"user\": \"testusername\",\n","    \"vehicle_id\": 6,\n","    \"tyre_pressure\": 30,\n","    \"time\": \"Sat Mar 28 2015 19:00:28 GMT+0100 (W. Europe Standard Time)\"\n","  },\n","  {\n","    \"id\": \"550da9336e1a6f6551a96cb6\",\n","    \"user\": \"testusername\",\n","    \"vehicle_id\": 5,\n","    \"tyre_pressure\": 33,\n","    \"time\": \"Sun Mar 29 2015 06:26:33 GMT+0200 (W. Europe Daylight Time)\"\n","  },\n","  {\n","    \"id\": \"550da9337b0852dc77083308\",\n","    \"user\": \"testusername\",\n","    \"vehicle_id\": 2,\n","    \"tyre_pressure\": 53,\n","    \"time\": \"Thu Mar 26 2015 20:30:51 GMT+0100 (W. Europe Standard Time)\"\n","  },\n","  {\n","    \"id\": \"550da9339c800fc2ec2a8a2b\",\n","    \"user\": \"testusername\",\n","    \"vehicle_id\": 6,\n","    \"tyre_pressure\": 27,\n","    \"time\": \"Mon Mar 23 2015 23:56:57 GMT+0100 (W. Europe Standard Time)\"\n","  },\n","  {\n","    \"id\": \"550da933678e45da97a54b0e\",\n","    \"user\": \"testusername\",\n","    \"vehicle_id\": 3,\n","    \"tyre_pressure\": 21,\n","    \"time\": \"Sun Mar 22 2015 15:28:03 GMT+0100 (W. Europe Standard Time)\"\n","  },\n","  {\n","    \"id\": \"550da933de4d170bab114010\",\n","    \"user\": \"testusername\",\n","    \"vehicle_id\": 1,\n","    \"tyre_pressure\": 43,\n","    \"time\": \"Wed Mar 25 2015 08:24:53 GMT+0100 (W. Europe Standard Time)\"\n","  },\n","  {\n","    \"id\": \"550da933db9b249ad0899aeb\",\n","    \"user\": \"testusername\",\n","    \"vehicle_id\": 8,\n","    \"tyre_pressure\": 52,\n","    \"time\": \"Sun Mar 29 2015 12:43:47 GMT+0200 (W. Europe Daylight Time)\"\n","  },\n","  {\n","    \"id\": \"550da9333b6ee7795da94f47\",\n","    \"user\": \"testusername\",\n","    \"vehicle_id\": 6,\n","    \"tyre_pressure\": 41,\n","    \"time\": \"Thu Apr 02 2015 18:46:08 GMT+0200 (W. Europe Daylight Time)\"\n","  },\n","  {\n","    \"id\": \"550da9335e81f12db7d02fdd\",\n","    \"user\": \"testusername\",\n","    \"vehicle_id\": 10,\n","    \"tyre_pressure\": 22,\n","    \"time\": \"Tue Mar 24 2015 10:00:58 GMT+0100 (W. Europe Standard Time)\"\n","  },\n","  {\n","    \"id\": \"550da933f86f3e2e947d9c36\",\n","    \"user\": \"testusername\",\n","    \"vehicle_id\": 10,\n","    \"tyre_pressure\": 36,\n","    \"time\": \"Tue Mar 24 2015 03:58:11 GMT+0100 (W. Europe Standard Time)\"\n","  },\n","  {\n","    \"id\": \"550da933861aaa85993a163b\",\n","    \"user\": \"testusername\",\n","    \"vehicle_id\": 1,\n","    \"tyre_pressure\": 39,\n","    \"time\": \"Thu Apr 02 2015 16:25:48 GMT+0200 (W. Europe Daylight Time)\"\n","  },\n","  {\n","    \"id\": \"550da933888d5d19918316ca\",\n","    \"user\": \"testusername\",\n","    \"vehicle_id\": 7,\n","    \"tyre_pressure\": 18,\n","    \"time\": \"Thu Apr 02 2015 00:16:22 GMT+0200 (W. Europe Daylight Time)\"\n","  },\n","  {\n","    \"id\": \"550da93301a5b2b11eb0714b\",\n","    \"user\": \"testusername\",\n","    \"vehicle_id\": 6,\n","    \"tyre_pressure\": 27,\n","    \"time\": \"Wed Mar 25 2015 03:39:33 GMT+0100 (W. Europe Standard Time)\"\n","  },\n","  {\n","    \"id\": \"550da933be789e4ed0ab0665\",\n","    \"user\": \"testusername\",\n","    \"vehicle_id\": 2,\n","    \"tyre_pressure\": 34,\n","    \"time\": \"Mon Mar 23 2015 08:32:26 GMT+0100 (W. Europe Standard Time)\"\n","  },\n","  {\n","    \"id\": \"550da933d91ebd3c1aaccb06\",\n","    \"user\": \"testusername\",\n","    \"vehicle_id\": 7,\n","    \"tyre_pressure\": 42,\n","    \"time\": \"Thu Mar 26 2015 16:44:02 GMT+0100 (W. Europe Standard Time)\"\n","  },\n","  {\n","    \"id\": \"550da9334b7e1c6c9a90af00\",\n","    \"user\": \"testusername\",\n","    \"vehicle_id\": 10,\n","    \"tyre_pressure\": 8,\n","    \"time\": \"Mon Mar 30 2015 01:38:28 GMT+0200 (W. Europe Daylight Time)\"\n","  },\n","  {\n","    \"id\": \"550da9335109772c7fbe37b5\",\n","    \"user\": \"testusername\",\n","    \"vehicle_id\": 4,\n","    \"tyre_pressure\": 42,\n","    \"time\": \"Fri Mar 27 2015 22:36:45 GMT+0100 (W. Europe Standard Time)\"\n","  },\n","  {\n","    \"id\": \"550da9332c31657cc65f0c9b\",\n","    \"user\": \"testusername\",\n","    \"vehicle_id\": 4,\n","    \"tyre_pressure\": 7,\n","    \"time\": \"Sat Mar 21 2015 18:27:46 GMT+0100 (W. Europe Standard Time)\"\n","  },\n","  {\n","    \"id\": \"550da9332d32b6963aebd46d\",\n","    \"user\": \"testusername\",\n","    \"vehicle_id\": 3,\n","    \"tyre_pressure\": 22,\n","    \"time\": \"Wed Apr 01 2015 08:46:42 GMT+0200 (W. Europe Daylight Time)\"\n","  },\n","  {\n","    \"id\": \"550da933bce35694bfc69cef\",\n","    \"user\": \"testusername\",\n","    \"vehicle_id\": 4,\n","    \"tyre_pressure\": 19,\n","    \"time\": \"Tue Mar 31 2015 19:49:39 GMT+0200 (W. Europe Daylight Time)\"\n","  },\n","  {\n","    \"id\": \"550da933c324120d73dce193\",\n","    \"user\": \"testusername\",\n","    \"vehicle_id\": 3,\n","    \"tyre_pressure\": 46,\n","    \"time\": \"Thu Apr 02 2015 23:51:53 GMT+0200 (W. Europe Daylight Time)\"\n","  },\n","  {\n","    \"id\": \"550da933762c90d522358be8\",\n","    \"user\": \"testusername\",\n","    \"vehicle_id\": 1,\n","    \"tyre_pressure\": 10,\n","    \"time\": \"Tue Mar 24 2015 00:13:15 GMT+0100 (W. Europe Standard Time)\"\n","  },\n","  {\n","    \"id\": \"550da93387a1b28d76cdd1bd\",\n","    \"user\": \"testusername\",\n","    \"vehicle_id\": 3,\n","    \"tyre_pressure\": 28,\n","    \"time\": \"Tue Mar 24 2015 15:49:22 GMT+0100 (W. Europe Standard Time)\"\n","  },\n","  {\n","    \"id\": \"550da933153dd6a0a960820e\",\n","    \"user\": \"testusername\",\n","    \"vehicle_id\": 9,\n","    \"tyre_pressure\": 30,\n","    \"time\": \"Tue Mar 24 2015 04:26:38 GMT+0100 (W. Europe Standard Time)\"\n","  }\n","]"]
I, [2015-03-22T00:41:47.885071 #28452]  INFO -- : #<StringIO:0x000000015b79e8>
I, [2015-03-22T00:41:47.901114 #28452]  INFO -- : Saved 
I, [2015-03-22T00:41:47.904306 #28452]  INFO -- : Saved 
I, [2015-03-22T00:41:47.907696 #28452]  INFO -- : Saved 
I, [2015-03-22T00:41:47.916327 #28452]  INFO -- : Saved 
I, [2015-03-22T00:41:47.919741 #28452]  INFO -- : Saved 
I, [2015-03-22T00:41:47.923867 #28452]  INFO -- : Saved 
I, [2015-03-22T00:41:47.926992 #28452]  INFO -- : Saved 
I, [2015-03-22T00:41:47.929696 #28452]  INFO -- : Saved 
I, [2015-03-22T00:41:47.932780 #28452]  INFO -- : Saved 
I, [2015-03-22T00:41:47.937104 #28452]  INFO -- : Saved 
I, [2015-03-22T00:41:47.943316 #28452]  INFO -- : Saved 
I, [2015-03-22T00:41:47.947241 #28452]  INFO -- : Saved 
I, [2015-03-22T00:41:47.951013 #28452]  INFO -- : Saved 
I, [2015-03-22T00:41:47.953849 #28452]  INFO -- : Saved 
I, [2015-03-22T00:41:47.956436 #28452]  INFO -- : Saved 
I, [2015-03-22T00:41:47.959416 #28452]  INFO -- : Saved 
I, [2015-03-22T00:41:47.963808 #28452]  INFO -- : Saved 
I, [2015-03-22T00:41:47.966808 #28452]  INFO -- : Saved 
I, [2015-03-22T00:41:47.969294 #28452]  INFO -- : Saved 
I, [2015-03-22T00:41:47.974245 #28452]  INFO -- : Saved 
I, [2015-03-22T00:41:47.980103 #28452]  INFO -- : Saved 
I, [2015-03-22T00:41:47.984424 #28452]  INFO -- : Saved 
I, [2015-03-22T00:41:47.993453 #28452]  INFO -- : Saved 
I, [2015-03-22T00:41:48.012183 #28452]  INFO -- : Saved 
I, [2015-03-22T00:41:48.018304 #28452]  INFO -- : Saved 
I, [2015-03-22T00:41:48.023243 #28452]  INFO -- : Saved 
I, [2015-03-22T00:41:48.027566 #28452]  INFO -- : Saved 
I, [2015-03-22T00:41:48.031408 #28452]  INFO -- : Saved 
I, [2015-03-22T00:41:48.035171 #28452]  INFO -- : Saved 
I, [2015-03-22T00:41:48.040027 #28452]  INFO -- : Saved 
I, [2015-03-22T00:41:48.045079 #28452]  INFO -- : Saved 
I, [2015-03-22T00:41:48.054233 #28452]  INFO -- : Saved 
I, [2015-03-22T00:41:48.059590 #28452]  INFO -- : Saved 
I, [2015-03-22T00:41:48.063473 #28452]  INFO -- : Saved 
I, [2015-03-22T00:41:48.068387 #28452]  INFO -- : Saved 
I, [2015-03-22T00:41:48.074809 #28452]  INFO -- : Saved 
I, [2015-03-22T00:41:48.079259 #28452]  INFO -- : Saved 
I, [2015-03-22T00:41:48.084188 #28452]  INFO -- : Saved 
I, [2015-03-22T00:41:48.088374 #28452]  INFO -- : Saved 
I, [2015-03-22T00:41:48.091716 #28452]  INFO -- : Saved 
I, [2015-03-22T00:41:48.095399 #28452]  INFO -- : Saved 
I, [2015-03-22T00:41:48.099980 #28452]  INFO -- : Saved 
I, [2015-03-22T00:41:48.105626 #28452]  INFO -- : Saved 
I, [2015-03-22T00:41:48.109376 #28452]  INFO -- : Saved 
I, [2015-03-22T00:41:48.113027 #28452]  INFO -- : Saved 
I, [2015-03-22T00:41:48.115713 #28452]  INFO -- : Saved 
I, [2015-03-22T00:41:48.118951 #28452]  INFO -- : Saved 
I, [2015-03-22T00:41:48.122430 #28452]  INFO -- : Saved 
I, [2015-03-22T00:41:48.125308 #28452]  INFO -- : Saved 
I, [2015-03-22T00:41:48.130009 #28452]  INFO -- : Saved 
I, [2015-03-22T00:41:48.135729 #28452]  INFO -- : Saved 
I, [2015-03-22T00:41:48.139893 #28452]  INFO -- : Saved 
I, [2015-03-22T00:41:48.143522 #28452]  INFO -- : Saved 
I, [2015-03-22T00:41:48.147351 #28452]  INFO -- : Saved 
I, [2015-03-22T00:41:48.151193 #28452]  INFO -- : Saved 
I, [2015-03-22T00:41:48.154704 #28452]  INFO -- : Saved 
I, [2015-03-22T00:41:48.159707 #28452]  INFO -- : Saved 
I, [2015-03-22T00:41:48.165580 #28452]  INFO -- : Saved 
I, [2015-03-22T00:41:48.168720 #28452]  INFO -- : Saved 
I, [2015-03-22T00:41:48.171826 #28452]  INFO -- : Saved 
I, [2015-03-22T00:41:48.175013 #28452]  INFO -- : Saved 
I, [2015-03-22T00:41:48.178385 #28452]  INFO -- : Saved 
I, [2015-03-22T00:41:48.181123 #28452]  INFO -- : Saved 
I, [2015-03-22T00:41:48.183579 #28452]  INFO -- : Saved 
I, [2015-03-22T00:41:48.187855 #28452]  INFO -- : Saved 
I, [2015-03-22T00:41:48.192827 #28452]  INFO -- : Saved 
I, [2015-03-22T00:41:48.198184 #28452]  INFO -- : Saved 
I, [2015-03-22T00:41:48.201839 #28452]  INFO -- : Saved 
I, [2015-03-22T00:41:48.204998 #28452]  INFO -- : Saved 
I, [2015-03-22T00:41:48.211511 #28452]  INFO -- : Saved 
I, [2015-03-22T00:41:48.215215 #28452]  INFO -- : Saved 
I, [2015-03-22T00:41:48.218756 #28452]  INFO -- : Saved 
I, [2015-03-22T00:41:48.224281 #28452]  INFO -- : Saved 
I, [2015-03-22T00:41:48.230322 #28452]  INFO -- : Saved 
I, [2015-03-22T00:41:48.237392 #28452]  INFO -- : Saved 
I, [2015-03-22T00:41:48.241292 #28452]  INFO -- : Saved 
I, [2015-03-22T00:41:48.244486 #28452]  INFO -- : Saved 
I, [2015-03-22T00:41:48.248065 #28452]  INFO -- : Saved 
I, [2015-03-22T00:41:48.252501 #28452]  INFO -- : Saved 
I, [2015-03-22T00:41:48.257591 #28452]  INFO -- : Saved 
I, [2015-03-22T00:41:48.260756 #28452]  INFO -- : Saved 
I, [2015-03-22T00:41:48.263890 #28452]  INFO -- : Saved 
I, [2015-03-22T00:41:48.266739 #28452]  INFO -- : Saved 
I, [2015-03-22T00:41:48.270006 #28452]  INFO -- : Saved 
I, [2015-03-22T00:41:48.273783 #28452]  INFO -- : Saved 
I, [2015-03-22T00:41:48.276546 #28452]  INFO -- : Saved 
I, [2015-03-22T00:41:48.280772 #28452]  INFO -- : Saved 
I, [2015-03-22T00:41:48.286431 #28452]  INFO -- : Saved 
I, [2015-03-22T00:41:48.292179 #28452]  INFO -- : Saved 
I, [2015-03-22T00:41:48.296169 #28452]  INFO -- : Saved 
I, [2015-03-22T00:41:48.300893 #28452]  INFO -- : Saved 
I, [2015-03-22T00:41:48.308219 #28452]  INFO -- : Saved 
I, [2015-03-22T00:41:48.311666 #28452]  INFO -- : Saved 
I, [2015-03-22T00:41:48.315128 #28452]  INFO -- : Saved 
I, [2015-03-22T00:41:48.319412 #28452]  INFO -- : Saved 
I, [2015-03-22T00:41:48.324815 #28452]  INFO -- : Saved 
I, [2015-03-22T00:41:48.328072 #28452]  INFO -- : Saved 
I, [2015-03-22T00:41:48.331510 #28452]  INFO -- : Saved 
I, [2015-03-22T00:41:48.334911 #28452]  INFO -- : Saved 
I, [2015-03-22T00:41:48.339360 #28452]  INFO -- : Saved 
I, [2015-03-22T00:41:48.343362 #28452]  INFO -- : Saved 
I, [2015-03-22T00:41:48.348152 #28452]  INFO -- : Saved 
I, [2015-03-22T00:41:48.352383 #28452]  INFO -- : Saved 
I, [2015-03-22T00:41:48.357183 #28452]  INFO -- : Saved 
I, [2015-03-22T00:41:48.360463 #28452]  INFO -- : Saved 
I, [2015-03-22T00:41:48.363480 #28452]  INFO -- : Saved 
I, [2015-03-22T00:41:48.366246 #28452]  INFO -- : Saved 
I, [2015-03-22T00:41:48.369262 #28452]  INFO -- : Saved 
I, [2015-03-22T00:41:48.375274 #28452]  INFO -- : Saved 
I, [2015-03-22T00:41:48.379922 #28452]  INFO -- : Saved 
I, [2015-03-22T00:41:48.383089 #28452]  INFO -- : Saved 
I, [2015-03-22T00:41:48.387794 #28452]  INFO -- : Saved 
I, [2015-03-22T00:41:48.391894 #28452]  INFO -- : Saved 
I, [2015-03-22T00:41:48.394990 #28452]  INFO -- : Saved 
I, [2015-03-22T00:41:48.398921 #28452]  INFO -- : Saved 
I, [2015-03-22T00:41:48.403048 #28452]  INFO -- : Saved 
I, [2015-03-22T00:41:48.407858 #28452]  INFO -- : Saved 
I, [2015-03-22T00:41:48.413302 #28452]  INFO -- : Saved 
I, [2015-03-22T00:41:48.416160 #28452]  INFO -- : Saved 
I, [2015-03-22T00:41:48.420005 #28452]  INFO -- : Saved 
I, [2015-03-22T00:41:48.425197 #28452]  INFO -- : Saved 
I, [2015-03-22T00:41:48.428335 #28452]  INFO -- : Saved 
I, [2015-03-22T00:41:48.431905 #28452]  INFO -- : Saved 
I, [2015-03-22T00:41:48.436447 #28452]  INFO -- : Saved 
I, [2015-03-22T00:41:48.442573 #28452]  INFO -- : Saved 
I, [2015-03-22T00:41:48.446414 #28452]  INFO -- : Saved 
I, [2015-03-22T00:41:48.449993 #28452]  INFO -- : Saved 
I, [2015-03-22T00:41:48.455040 #28452]  INFO -- : Saved 
I, [2015-03-22T00:41:48.460348 #28452]  INFO -- : Saved 
I, [2015-03-22T00:41:48.463969 #28452]  INFO -- : Saved 
I, [2015-03-22T00:41:48.467800 #28452]  INFO -- : Saved 
I, [2015-03-22T00:41:48.473139 #28452]  INFO -- : Saved 
I, [2015-03-22T00:41:48.479437 #28452]  INFO -- : Saved 
I, [2015-03-22T00:41:48.483027 #28452]  INFO -- : Saved 
I, [2015-03-22T00:41:48.486566 #28452]  INFO -- : Saved 
I, [2015-03-22T00:41:48.490542 #28452]  INFO -- : Saved 
I, [2015-03-22T00:41:48.495743 #28452]  INFO -- : Saved 
I, [2015-03-22T00:41:48.501757 #28452]  INFO -- : Saved 
I, [2015-03-22T00:41:48.507137 #28452]  INFO -- : Saved 
I, [2015-03-22T00:41:48.511279 #28452]  INFO -- : Saved 
I, [2015-03-22T00:41:48.514737 #28452]  INFO -- : Saved 
I, [2015-03-22T00:41:48.517269 #28452]  INFO -- : Saved 
I, [2015-03-22T00:41:48.519726 #28452]  INFO -- : Saved 
I, [2015-03-22T00:41:48.524014 #28452]  INFO -- : Saved 
I, [2015-03-22T00:41:48.528310 #28452]  INFO -- : Saved 
I, [2015-03-22T00:41:48.532704 #28452]  INFO -- : Saved 
I, [2015-03-22T00:41:48.535567 #28452]  INFO -- : Saved 
I, [2015-03-22T00:41:48.538574 #28452]  INFO -- : Saved 
I, [2015-03-22T00:41:48.540813 #28452]  INFO -- : Saved 
I, [2015-03-22T00:41:48.543238 #28452]  INFO -- : Saved 
I, [2015-03-22T00:41:48.546287 #28452]  INFO -- : Saved 
I, [2015-03-22T00:41:48.548687 #28452]  INFO -- : Saved 
I, [2015-03-22T00:41:48.551557 #28452]  INFO -- : Saved 
I, [2015-03-22T00:41:48.556395 #28452]  INFO -- : Saved 
I, [2015-03-22T00:41:48.561528 #28452]  INFO -- : Saved 
I, [2015-03-22T00:41:48.564696 #28452]  INFO -- : Saved 
I, [2015-03-22T00:41:48.567693 #28452]  INFO -- : Saved 
I, [2015-03-22T00:41:48.570943 #28452]  INFO -- : Saved 
I, [2015-03-22T00:41:48.574236 #28452]  INFO -- : Saved 
I, [2015-03-22T00:41:48.576842 #28452]  INFO -- : Saved 
I, [2015-03-22T00:41:48.579355 #28452]  INFO -- : Saved 
I, [2015-03-22T00:41:48.583211 #28452]  INFO -- : Saved 
I, [2015-03-22T00:41:48.588183 #28452]  INFO -- : Saved 
I, [2015-03-22T00:41:48.592766 #28452]  INFO -- : Saved 
I, [2015-03-22T00:41:48.595924 #28452]  INFO -- : Saved 
I, [2015-03-22T00:41:48.598962 #28452]  INFO -- : Saved 
I, [2015-03-22T00:41:48.603341 #28452]  INFO -- : Saved 
I, [2015-03-22T00:41:48.607976 #28452]  INFO -- : Saved 
I, [2015-03-22T00:41:48.611056 #28452]  INFO -- : Saved 
I, [2015-03-22T00:41:48.614601 #28452]  INFO -- : Saved 
I, [2015-03-22T00:41:48.619408 #28452]  INFO -- : Saved 
I, [2015-03-22T00:41:48.624992 #28452]  INFO -- : Saved 
I, [2015-03-22T00:41:48.628369 #28452]  INFO -- : Saved 
I, [2015-03-22T00:41:48.631146 #28452]  INFO -- : Saved 
I, [2015-03-22T00:41:48.634045 #28452]  INFO -- : Saved 
I, [2015-03-22T00:41:48.636771 #28452]  INFO -- : Saved 
I, [2015-03-22T00:41:48.640157 #28452]  INFO -- : Saved 
I, [2015-03-22T00:41:48.643585 #28452]  INFO -- : Saved 
I, [2015-03-22T00:41:48.648510 #28452]  INFO -- : Saved 
I, [2015-03-22T00:41:48.653491 #28452]  INFO -- : Saved 
I, [2015-03-22T00:41:48.657050 #28452]  INFO -- : Saved 
I, [2015-03-22T00:41:48.659725 #28452]  INFO -- : Saved 
I, [2015-03-22T00:41:48.662510 #28452]  INFO -- : Saved 
I, [2015-03-22T00:41:48.664963 #28452]  INFO -- : Saved 
I, [2015-03-22T00:41:48.667523 #28452]  INFO -- : Saved 
I, [2015-03-22T00:41:48.670375 #28452]  INFO -- : Saved 
I, [2015-03-22T00:41:48.673090 #28452]  INFO -- : Saved 
I, [2015-03-22T00:41:48.677494 #28452]  INFO -- : Saved 
I, [2015-03-22T00:41:48.683055 #28452]  INFO -- : Saved 
I, [2015-03-22T00:41:48.686740 #28452]  INFO -- : Saved 
I, [2015-03-22T00:41:48.690493 #28452]  INFO -- : Saved 
I, [2015-03-22T00:41:48.693136 #28452]  INFO -- : Saved 
I, [2015-03-22T00:41:48.695848 #28452]  INFO -- : Saved 
I, [2015-03-22T00:41:48.699410 #28452]  INFO -- : Saved 
I, [2015-03-22T00:41:48.703015 #28452]  INFO -- : Saved 
I, [2015-03-22T00:41:48.707171 #28452]  INFO -- : Saved 
I, [2015-03-22T00:41:48.711460 #28452]  INFO -- : Saved 
I, [2015-03-22T00:41:48.716041 #28452]  INFO -- : Saved 
I, [2015-03-22T00:41:48.719025 #28452]  INFO -- : Saved 
I, [2015-03-22T00:41:48.723064 #28452]  INFO -- : Saved 
I, [2015-03-22T00:41:48.728363 #28452]  INFO -- : Saved 
I, [2015-03-22T00:41:48.731546 #28452]  INFO -- : Saved 
I, [2015-03-22T00:41:48.734760 #28452]  INFO -- : Saved 
I, [2015-03-22T00:41:48.740434 #28452]  INFO -- : Saved 
I, [2015-03-22T00:41:48.745991 #28452]  INFO -- : Saved 
I, [2015-03-22T00:41:48.748802 #28452]  INFO -- : Saved 
I, [2015-03-22T00:41:48.751737 #28452]  INFO -- : Saved 
I, [2015-03-22T00:41:48.755145 #28452]  INFO -- : Saved 
I, [2015-03-22T00:41:48.760821 #28452]  INFO -- : Saved 
I, [2015-03-22T00:41:48.763780 #28452]  INFO -- : Saved 
I, [2015-03-22T00:41:48.766884 #28452]  INFO -- : Saved 
I, [2015-03-22T00:41:48.772053 #28452]  INFO -- : Saved 
I, [2015-03-22T00:41:48.776654 #28452]  INFO -- : Saved 
I, [2015-03-22T00:41:48.780695 #28452]  INFO -- : Saved 
I, [2015-03-22T00:41:48.783572 #28452]  INFO -- : Saved 
I, [2015-03-22T00:41:48.786825 #28452]  INFO -- : Saved 
I, [2015-03-22T00:41:48.797069 #28452]  INFO -- : Saved 
I, [2015-03-22T00:41:48.803601 #28452]  INFO -- : Saved 
I, [2015-03-22T00:41:48.809581 #28452]  INFO -- : Saved 
I, [2015-03-22T00:41:48.813176 #28452]  INFO -- : Saved 
I, [2015-03-22T00:41:48.817764 #28452]  INFO -- : Saved 
I, [2015-03-22T00:41:48.823992 #28452]  INFO -- : Saved 
I, [2015-03-22T00:41:48.827280 #28452]  INFO -- : Saved 
I, [2015-03-22T00:41:48.831261 #28452]  INFO -- : Saved 
I, [2015-03-22T00:41:48.836311 #28452]  INFO -- : Saved 
I, [2015-03-22T00:41:48.841191 #28452]  INFO -- : Saved 
I, [2015-03-22T00:41:48.844297 #28452]  INFO -- : Saved 
I, [2015-03-22T00:41:48.846980 #28452]  INFO -- : Saved 
I, [2015-03-22T00:41:48.849265 #28452]  INFO -- : Saved 
I, [2015-03-22T00:41:48.857041 #28452]  INFO -- : Saved 
I, [2015-03-22T00:41:48.860488 #28452]  INFO -- : Saved 
I, [2015-03-22T00:41:48.864058 #28452]  INFO -- : Saved 
I, [2015-03-22T00:41:48.869905 #28452]  INFO -- : Saved 
I, [2015-03-22T00:41:48.875608 #28452]  INFO -- : Saved 
I, [2015-03-22T00:41:48.878416 #28452]  INFO -- : Saved 
I, [2015-03-22T00:41:48.880673 #28452]  INFO -- : Saved 
I, [2015-03-22T00:41:48.883637 #28452]  INFO -- : Saved 
I, [2015-03-22T00:41:48.886983 #28452]  INFO -- : Saved 
I, [2015-03-22T00:41:48.891271 #28452]  INFO -- : Saved 
I, [2015-03-22T00:41:48.895016 #28452]  INFO -- : Saved 
I, [2015-03-22T00:41:48.900192 #28452]  INFO -- : Saved 
I, [2015-03-22T00:41:48.903963 #28452]  INFO -- : Saved 
I, [2015-03-22T00:41:48.909261 #28452]  INFO -- : Saved 
I, [2015-03-22T00:41:48.912943 #28452]  INFO -- : Saved 
I, [2015-03-22T00:41:48.915949 #28452]  INFO -- : Saved 
I, [2015-03-22T00:41:48.919194 #28452]  INFO -- : Saved 
I, [2015-03-22T00:41:48.924975 #28452]  INFO -- : Saved 
I, [2015-03-22T00:41:48.929921 #28452]  INFO -- : Saved 
I, [2015-03-22T00:41:48.932468 #28452]  INFO -- : Saved 
I, [2015-03-22T00:41:48.935144 #28452]  INFO -- : Saved 
I, [2015-03-22T00:41:48.937848 #28452]  INFO -- : Saved 
I, [2015-03-22T00:41:48.940427 #28452]  INFO -- : Saved 
I, [2015-03-22T00:41:48.943375 #28452]  INFO -- : Saved 
I, [2015-03-22T00:41:48.946195 #28452]  INFO -- : Saved 
I, [2015-03-22T00:41:48.948444 #28452]  INFO -- : Saved 
I, [2015-03-22T00:41:48.951935 #28452]  INFO -- : Saved 
I, [2015-03-22T00:41:48.956876 #28452]  INFO -- : Saved 
I, [2015-03-22T00:41:48.961503 #28452]  INFO -- : Saved 
I, [2015-03-22T00:41:48.964366 #28452]  INFO -- : Saved 
I, [2015-03-22T00:41:48.967015 #28452]  INFO -- : Saved 
I, [2015-03-22T00:41:48.969743 #28452]  INFO -- : Saved 
I, [2015-03-22T00:41:48.972541 #28452]  INFO -- : Saved 
I, [2015-03-22T00:41:48.975728 #28452]  INFO -- : Saved 
I, [2015-03-22T00:41:48.978538 #28452]  INFO -- : Saved 
I, [2015-03-22T00:41:48.982880 #28452]  INFO -- : Saved 
I, [2015-03-22T00:41:48.987956 #28452]  INFO -- : Saved 
I, [2015-03-22T00:41:48.991676 #28452]  INFO -- : Saved 
I, [2015-03-22T00:41:48.994386 #28452]  INFO -- : Saved 
I, [2015-03-22T00:41:48.996618 #28452]  INFO -- : Saved 
I, [2015-03-22T00:41:49.000933 #28452]  INFO -- : Saved 
I, [2015-03-22T00:41:49.003558 #28452]  INFO -- : Saved 
I, [2015-03-22T00:41:49.007503 #28452]  INFO -- : Saved 
I, [2015-03-22T00:41:49.010504 #28452]  INFO -- : Saved 
I, [2015-03-22T00:41:49.012894 #28452]  INFO -- : Saved 
I, [2015-03-22T00:41:49.017164 #28452]  INFO -- : Saved 
I, [2015-03-22T00:41:49.021908 #28452]  INFO -- : Saved 
I, [2015-03-22T00:41:49.026972 #28452]  INFO -- : Saved 
I, [2015-03-22T00:41:49.030840 #28452]  INFO -- : Saved 
I, [2015-03-22T00:41:49.033632 #28452]  INFO -- : Saved 
I, [2015-03-22T00:41:49.036176 #28452]  INFO -- : Saved 
I, [2015-03-22T00:41:49.039562 #28452]  INFO -- : Saved 
I, [2015-03-22T00:41:49.042496 #28452]  INFO -- : Saved 
I, [2015-03-22T00:41:49.047426 #28452]  INFO -- : Saved 
I, [2015-03-22T00:41:49.055782 #28452]  INFO -- : Saved 
I, [2015-03-22T00:41:49.059093 #28452]  INFO -- : Saved 
I, [2015-03-22T00:41:49.062329 #28452]  INFO -- : Saved 
I, [2015-03-22T00:41:49.064761 #28452]  INFO -- : Saved 
I, [2015-03-22T00:41:49.067530 #28452]  INFO -- : Saved 
I, [2015-03-22T00:41:49.070294 #28452]  INFO -- : Saved 
I, [2015-03-22T00:41:49.072625 #28452]  INFO -- : Saved 
I, [2015-03-22T00:41:49.076795 #28452]  INFO -- : Saved 
I, [2015-03-22T00:41:49.080828 #28452]  INFO -- : Saved 
I, [2015-03-22T00:41:49.084795 #28452]  INFO -- : Saved 
I, [2015-03-22T00:41:49.087922 #28452]  INFO -- : Saved 
I, [2015-03-22T00:41:49.090708 #28452]  INFO -- : Saved 
I, [2015-03-22T00:41:49.092935 #28452]  INFO -- : Saved 
I, [2015-03-22T00:41:49.095246 #28452]  INFO -- : Saved 
I, [2015-03-22T00:41:49.098336 #28452]  INFO -- : Saved 
I, [2015-03-22T00:41:49.100523 #28452]  INFO -- : Saved 
I, [2015-03-22T00:41:49.103332 #28452]  INFO -- : Saved 
I, [2015-03-22T00:41:49.107861 #28452]  INFO -- : Saved 
I, [2015-03-22T00:41:49.111889 #28452]  INFO -- : Saved 
I, [2015-03-22T00:41:49.115808 #28452]  INFO -- : Saved 
I, [2015-03-22T00:41:49.118574 #28452]  INFO -- : Saved 
I, [2015-03-22T00:41:49.121253 #28452]  INFO -- : Saved 
I, [2015-03-22T00:41:49.125492 #28452]  INFO -- : Saved 
I, [2015-03-22T00:41:49.129200 #28452]  INFO -- : Saved 
I, [2015-03-22T00:41:49.131932 #28452]  INFO -- : Saved 
I, [2015-03-22T00:41:49.134823 #28452]  INFO -- : Saved 
I, [2015-03-22T00:41:49.140946 #28452]  INFO -- : Saved 
I, [2015-03-22T00:41:49.146497 #28452]  INFO -- : Saved 
I, [2015-03-22T00:41:49.149107 #28452]  INFO -- : Saved 
I, [2015-03-22T00:41:49.151676 #28452]  INFO -- : Saved 
I, [2015-03-22T00:41:49.154753 #28452]  INFO -- : Saved 
I, [2015-03-22T00:41:49.157235 #28452]  INFO -- : Saved 
I, [2015-03-22T00:41:49.159994 #28452]  INFO -- : Saved 
I, [2015-03-22T00:41:49.162751 #28452]  INFO -- : Saved 
I, [2015-03-22T00:41:49.165117 #28452]  INFO -- : Saved 
I, [2015-03-22T00:41:49.170105 #28452]  INFO -- : Saved 
I, [2015-03-22T00:41:49.175368 #28452]  INFO -- : Saved 
I, [2015-03-22T00:41:49.178496 #28452]  INFO -- : Saved 
I, [2015-03-22T00:41:49.180940 #28452]  INFO -- : Saved 
I, [2015-03-22T00:41:49.183526 #28452]  INFO -- : Saved 
I, [2015-03-22T00:41:49.186380 #28452]  INFO -- : Saved 
I, [2015-03-22T00:41:49.190287 #28452]  INFO -- : Saved 
I, [2015-03-22T00:41:49.192681 #28452]  INFO -- : Saved 
I, [2015-03-22T00:41:49.195459 #28452]  INFO -- : Saved 
I, [2015-03-22T00:41:49.200350 #28452]  INFO -- : Saved 
I, [2015-03-22T00:41:49.207123 #28452]  INFO -- : Saved 
I, [2015-03-22T00:41:49.211447 #28452]  INFO -- : Saved 
I, [2015-03-22T00:41:49.214399 #28452]  INFO -- : Saved 
I, [2015-03-22T00:44:32.833197 #28486]  INFO -- : #<StringIO:0x000000020bc8c0>
E, [2015-03-22T00:44:32.885587 #28486] ERROR -- : Not Saved 
E, [2015-03-22T00:44:32.889001 #28486] ERROR -- : Not Saved 
E, [2015-03-22T00:44:32.892091 #28486] ERROR -- : Not Saved 
E, [2015-03-22T00:44:32.894524 #28486] ERROR -- : Not Saved 
E, [2015-03-22T00:44:32.896134 #28486] ERROR -- : Not Saved 
E, [2015-03-22T00:44:32.897864 #28486] ERROR -- : Not Saved 
E, [2015-03-22T00:44:32.900100 #28486] ERROR -- : Not Saved 
E, [2015-03-22T00:44:32.901774 #28486] ERROR -- : Not Saved 
E, [2015-03-22T00:44:32.903407 #28486] ERROR -- : Not Saved 
E, [2015-03-22T00:44:32.905476 #28486] ERROR -- : Not Saved 
E, [2015-03-22T00:44:32.906874 #28486] ERROR -- : Not Saved 
E, [2015-03-22T00:44:32.908160 #28486] ERROR -- : Not Saved 
E, [2015-03-22T00:44:32.909825 #28486] ERROR -- : Not Saved 
E, [2015-03-22T00:44:32.911605 #28486] ERROR -- : Not Saved 
E, [2015-03-22T00:44:32.913441 #28486] ERROR -- : Not Saved 
E, [2015-03-22T00:44:32.915080 #28486] ERROR -- : Not Saved 
E, [2015-03-22T00:44:32.917157 #28486] ERROR -- : Not Saved 
E, [2015-03-22T00:44:32.919371 #28486] ERROR -- : Not Saved 
E, [2015-03-22T00:44:32.921593 #28486] ERROR -- : Not Saved 
E, [2015-03-22T00:44:32.923944 #28486] ERROR -- : Not Saved 
E, [2015-03-22T00:44:32.926693 #28486] ERROR -- : Not Saved 
E, [2015-03-22T00:44:32.928435 #28486] ERROR -- : Not Saved 
E, [2015-03-22T00:44:32.930089 #28486] ERROR -- : Not Saved 
E, [2015-03-22T00:44:32.931699 #28486] ERROR -- : Not Saved 
E, [2015-03-22T00:44:32.933052 #28486] ERROR -- : Not Saved 
E, [2015-03-22T00:44:32.934502 #28486] ERROR -- : Not Saved 
E, [2015-03-22T00:44:32.935788 #28486] ERROR -- : Not Saved 
E, [2015-03-22T00:44:32.937733 #28486] ERROR -- : Not Saved 
E, [2015-03-22T00:44:32.939991 #28486] ERROR -- : Not Saved 
E, [2015-03-22T00:44:32.944979 #28486] ERROR -- : Not Saved 
E, [2015-03-22T00:44:32.946795 #28486] ERROR -- : Not Saved 
E, [2015-03-22T00:44:32.948115 #28486] ERROR -- : Not Saved 
E, [2015-03-22T00:44:32.949986 #28486] ERROR -- : Not Saved 
E, [2015-03-22T00:44:32.952145 #28486] ERROR -- : Not Saved 
E, [2015-03-22T00:44:32.954781 #28486] ERROR -- : Not Saved 
E, [2015-03-22T00:44:32.956946 #28486] ERROR -- : Not Saved 
E, [2015-03-22T00:44:32.959731 #28486] ERROR -- : Not Saved 
E, [2015-03-22T00:44:32.962239 #28486] ERROR -- : Not Saved 
E, [2015-03-22T00:44:32.963644 #28486] ERROR -- : Not Saved 
E, [2015-03-22T00:44:32.965041 #28486] ERROR -- : Not Saved 
E, [2015-03-22T00:44:32.966386 #28486] ERROR -- : Not Saved 
E, [2015-03-22T00:44:32.968100 #28486] ERROR -- : Not Saved 
E, [2015-03-22T00:44:32.974014 #28486] ERROR -- : Not Saved 
E, [2015-03-22T00:44:32.975722 #28486] ERROR -- : Not Saved 
E, [2015-03-22T00:44:32.977334 #28486] ERROR -- : Not Saved 
E, [2015-03-22T00:44:32.979345 #28486] ERROR -- : Not Saved 
E, [2015-03-22T00:44:32.981913 #28486] ERROR -- : Not Saved 
E, [2015-03-22T00:44:32.983508 #28486] ERROR -- : Not Saved 
E, [2015-03-22T00:44:32.985833 #28486] ERROR -- : Not Saved 
E, [2015-03-22T00:44:32.988415 #28486] ERROR -- : Not Saved 
E, [2015-03-22T00:44:32.990123 #28486] ERROR -- : Not Saved 
E, [2015-03-22T00:44:32.992092 #28486] ERROR -- : Not Saved 
E, [2015-03-22T00:44:32.993377 #28486] ERROR -- : Not Saved 
E, [2015-03-22T00:44:32.994574 #28486] ERROR -- : Not Saved 
E, [2015-03-22T00:44:32.995794 #28486] ERROR -- : Not Saved 
E, [2015-03-22T00:44:32.997297 #28486] ERROR -- : Not Saved 
E, [2015-03-22T00:44:32.998956 #28486] ERROR -- : Not Saved 
E, [2015-03-22T00:44:33.001431 #28486] ERROR -- : Not Saved 
E, [2015-03-22T00:44:33.003605 #28486] ERROR -- : Not Saved 
E, [2015-03-22T00:44:33.005576 #28486] ERROR -- : Not Saved 
E, [2015-03-22T00:44:33.007053 #28486] ERROR -- : Not Saved 
E, [2015-03-22T00:44:33.008449 #28486] ERROR -- : Not Saved 
E, [2015-03-22T00:44:33.010796 #28486] ERROR -- : Not Saved 
E, [2015-03-22T00:44:33.013718 #28486] ERROR -- : Not Saved 
E, [2015-03-22T00:44:33.016756 #28486] ERROR -- : Not Saved 
E, [2015-03-22T00:44:33.019533 #28486] ERROR -- : Not Saved 
E, [2015-03-22T00:44:33.021393 #28486] ERROR -- : Not Saved 
E, [2015-03-22T00:44:33.022884 #28486] ERROR -- : Not Saved 
E, [2015-03-22T00:44:33.024628 #28486] ERROR -- : Not Saved 
E, [2015-03-22T00:44:33.026396 #28486] ERROR -- : Not Saved 
E, [2015-03-22T00:44:33.027959 #28486] ERROR -- : Not Saved 
E, [2015-03-22T00:44:33.029472 #28486] ERROR -- : Not Saved 
E, [2015-03-22T00:44:33.031011 #28486] ERROR -- : Not Saved 
E, [2015-03-22T00:44:33.032327 #28486] ERROR -- : Not Saved 
E, [2015-03-22T00:44:33.033831 #28486] ERROR -- : Not Saved 
E, [2015-03-22T00:44:33.035906 #28486] ERROR -- : Not Saved 
E, [2015-03-22T00:44:33.038003 #28486] ERROR -- : Not Saved 
E, [2015-03-22T00:44:33.039840 #28486] ERROR -- : Not Saved 
E, [2015-03-22T00:44:33.041751 #28486] ERROR -- : Not Saved 
E, [2015-03-22T00:44:33.043778 #28486] ERROR -- : Not Saved 
E, [2015-03-22T00:44:33.045949 #28486] ERROR -- : Not Saved 
E, [2015-03-22T00:44:33.047707 #28486] ERROR -- : Not Saved 
E, [2015-03-22T00:44:33.049380 #28486] ERROR -- : Not Saved 
E, [2015-03-22T00:44:33.051215 #28486] ERROR -- : Not Saved 
E, [2015-03-22T00:44:33.052665 #28486] ERROR -- : Not Saved 
E, [2015-03-22T00:44:33.054331 #28486] ERROR -- : Not Saved 
E, [2015-03-22T00:44:33.056102 #28486] ERROR -- : Not Saved 
E, [2015-03-22T00:44:33.057722 #28486] ERROR -- : Not Saved 
E, [2015-03-22T00:44:33.058940 #28486] ERROR -- : Not Saved 
E, [2015-03-22T00:44:33.060073 #28486] ERROR -- : Not Saved 
E, [2015-03-22T00:44:33.061476 #28486] ERROR -- : Not Saved 
E, [2015-03-22T00:44:33.063039 #28486] ERROR -- : Not Saved 
E, [2015-03-22T00:44:33.064639 #28486] ERROR -- : Not Saved 
E, [2015-03-22T00:44:33.066087 #28486] ERROR -- : Not Saved 
E, [2015-03-22T00:44:33.067676 #28486] ERROR -- : Not Saved 
E, [2015-03-22T00:44:33.069050 #28486] ERROR -- : Not Saved 
E, [2015-03-22T00:44:33.071421 #28486] ERROR -- : Not Saved 
E, [2015-03-22T00:44:33.073784 #28486] ERROR -- : Not Saved 
E, [2015-03-22T00:44:33.076702 #28486] ERROR -- : Not Saved 
E, [2015-03-22T00:44:33.079085 #28486] ERROR -- : Not Saved 
E, [2015-03-22T00:44:33.080973 #28486] ERROR -- : Not Saved 
E, [2015-03-22T00:44:33.082273 #28486] ERROR -- : Not Saved 
E, [2015-03-22T00:44:33.083502 #28486] ERROR -- : Not Saved 
E, [2015-03-22T00:44:33.084699 #28486] ERROR -- : Not Saved 
E, [2015-03-22T00:44:33.086252 #28486] ERROR -- : Not Saved 
E, [2015-03-22T00:44:33.088016 #28486] ERROR -- : Not Saved 
E, [2015-03-22T00:44:33.089870 #28486] ERROR -- : Not Saved 
E, [2015-03-22T00:44:33.091429 #28486] ERROR -- : Not Saved 
E, [2015-03-22T00:44:33.092569 #28486] ERROR -- : Not Saved 
E, [2015-03-22T00:44:33.093705 #28486] ERROR -- : Not Saved 
E, [2015-03-22T00:44:33.095150 #28486] ERROR -- : Not Saved 
E, [2015-03-22T00:44:33.096649 #28486] ERROR -- : Not Saved 
E, [2015-03-22T00:44:33.098602 #28486] ERROR -- : Not Saved 
E, [2015-03-22T00:44:33.100293 #28486] ERROR -- : Not Saved 
E, [2015-03-22T00:44:33.102147 #28486] ERROR -- : Not Saved 
E, [2015-03-22T00:44:33.104301 #28486] ERROR -- : Not Saved 
E, [2015-03-22T00:44:33.107052 #28486] ERROR -- : Not Saved 
E, [2015-03-22T00:44:33.108670 #28486] ERROR -- : Not Saved 
E, [2015-03-22T00:44:33.111129 #28486] ERROR -- : Not Saved 
E, [2015-03-22T00:44:33.114784 #28486] ERROR -- : Not Saved 
E, [2015-03-22T00:44:33.116338 #28486] ERROR -- : Not Saved 
E, [2015-03-22T00:44:33.117826 #28486] ERROR -- : Not Saved 
E, [2015-03-22T00:44:33.119303 #28486] ERROR -- : Not Saved 
E, [2015-03-22T00:44:33.120896 #28486] ERROR -- : Not Saved 
E, [2015-03-22T00:44:33.122174 #28486] ERROR -- : Not Saved 
E, [2015-03-22T00:44:33.123605 #28486] ERROR -- : Not Saved 
E, [2015-03-22T00:44:33.125187 #28486] ERROR -- : Not Saved 
E, [2015-03-22T00:44:33.126777 #28486] ERROR -- : Not Saved 
E, [2015-03-22T00:44:33.128274 #28486] ERROR -- : Not Saved 
E, [2015-03-22T00:44:33.129544 #28486] ERROR -- : Not Saved 
E, [2015-03-22T00:44:33.131203 #28486] ERROR -- : Not Saved 
E, [2015-03-22T00:44:33.132657 #28486] ERROR -- : Not Saved 
E, [2015-03-22T00:44:33.134428 #28486] ERROR -- : Not Saved 
E, [2015-03-22T00:44:33.137188 #28486] ERROR -- : Not Saved 
E, [2015-03-22T00:44:33.139560 #28486] ERROR -- : Not Saved 
E, [2015-03-22T00:44:33.141793 #28486] ERROR -- : Not Saved 
E, [2015-03-22T00:44:33.143398 #28486] ERROR -- : Not Saved 
E, [2015-03-22T00:44:33.144709 #28486] ERROR -- : Not Saved 
E, [2015-03-22T00:44:33.146078 #28486] ERROR -- : Not Saved 
E, [2015-03-22T00:44:33.147589 #28486] ERROR -- : Not Saved 
E, [2015-03-22T00:44:33.149182 #28486] ERROR -- : Not Saved 
E, [2015-03-22T00:44:33.150798 #28486] ERROR -- : Not Saved 
E, [2015-03-22T00:44:33.152720 #28486] ERROR -- : Not Saved 
E, [2015-03-22T00:44:33.154430 #28486] ERROR -- : Not Saved 
E, [2015-03-22T00:44:33.156281 #28486] ERROR -- : Not Saved 
E, [2015-03-22T00:44:33.157970 #28486] ERROR -- : Not Saved 
E, [2015-03-22T00:44:33.159540 #28486] ERROR -- : Not Saved 
E, [2015-03-22T00:44:33.161079 #28486] ERROR -- : Not Saved 
E, [2015-03-22T00:44:33.162928 #28486] ERROR -- : Not Saved 
E, [2015-03-22T00:44:33.164923 #28486] ERROR -- : Not Saved 
E, [2015-03-22T00:44:33.166572 #28486] ERROR -- : Not Saved 
E, [2015-03-22T00:44:33.168794 #28486] ERROR -- : Not Saved 
E, [2015-03-22T00:44:33.170306 #28486] ERROR -- : Not Saved 
E, [2015-03-22T00:44:33.172438 #28486] ERROR -- : Not Saved 
E, [2015-03-22T00:44:33.174290 #28486] ERROR -- : Not Saved 
E, [2015-03-22T00:44:33.176172 #28486] ERROR -- : Not Saved 
E, [2015-03-22T00:44:33.177938 #28486] ERROR -- : Not Saved 
E, [2015-03-22T00:44:33.179171 #28486] ERROR -- : Not Saved 
E, [2015-03-22T00:44:33.180429 #28486] ERROR -- : Not Saved 
E, [2015-03-22T00:44:33.181625 #28486] ERROR -- : Not Saved 
E, [2015-03-22T00:44:33.183296 #28486] ERROR -- : Not Saved 
E, [2015-03-22T00:44:33.184935 #28486] ERROR -- : Not Saved 
E, [2015-03-22T00:44:33.186513 #28486] ERROR -- : Not Saved 
E, [2015-03-22T00:44:33.188570 #28486] ERROR -- : Not Saved 
E, [2015-03-22T00:44:33.189794 #28486] ERROR -- : Not Saved 
E, [2015-03-22T00:44:33.191019 #28486] ERROR -- : Not Saved 
E, [2015-03-22T00:44:33.192760 #28486] ERROR -- : Not Saved 
E, [2015-03-22T00:44:33.196327 #28486] ERROR -- : Not Saved 
E, [2015-03-22T00:44:33.199096 #28486] ERROR -- : Not Saved 
E, [2015-03-22T00:44:33.201146 #28486] ERROR -- : Not Saved 
E, [2015-03-22T00:44:33.202954 #28486] ERROR -- : Not Saved 
E, [2015-03-22T00:44:33.205020 #28486] ERROR -- : Not Saved 
E, [2015-03-22T00:44:33.206598 #28486] ERROR -- : Not Saved 
E, [2015-03-22T00:44:33.207818 #28486] ERROR -- : Not Saved 
E, [2015-03-22T00:44:33.209307 #28486] ERROR -- : Not Saved 
E, [2015-03-22T00:44:33.210820 #28486] ERROR -- : Not Saved 
E, [2015-03-22T00:44:33.212313 #28486] ERROR -- : Not Saved 
E, [2015-03-22T00:44:33.213816 #28486] ERROR -- : Not Saved 
E, [2015-03-22T00:44:33.215321 #28486] ERROR -- : Not Saved 
E, [2015-03-22T00:44:33.216792 #28486] ERROR -- : Not Saved 
E, [2015-03-22T00:44:33.218111 #28486] ERROR -- : Not Saved 
E, [2015-03-22T00:44:33.219647 #28486] ERROR -- : Not Saved 
E, [2015-03-22T00:44:33.221325 #28486] ERROR -- : Not Saved 
E, [2015-03-22T00:44:33.222828 #28486] ERROR -- : Not Saved 
E, [2015-03-22T00:44:33.224783 #28486] ERROR -- : Not Saved 
E, [2015-03-22T00:44:33.227977 #28486] ERROR -- : Not Saved 
E, [2015-03-22T00:44:33.230617 #28486] ERROR -- : Not Saved 
E, [2015-03-22T00:44:33.232632 #28486] ERROR -- : Not Saved 
E, [2015-03-22T00:44:33.235617 #28486] ERROR -- : Not Saved 
E, [2015-03-22T00:44:33.238187 #28486] ERROR -- : Not Saved 
E, [2015-03-22T00:44:33.240116 #28486] ERROR -- : Not Saved 
E, [2015-03-22T00:44:33.241811 #28486] ERROR -- : Not Saved 
E, [2015-03-22T00:44:33.243156 #28486] ERROR -- : Not Saved 
E, [2015-03-22T00:44:33.244411 #28486] ERROR -- : Not Saved 
E, [2015-03-22T00:44:33.246210 #28486] ERROR -- : Not Saved 
E, [2015-03-22T00:44:33.250764 #28486] ERROR -- : Not Saved 
E, [2015-03-22T00:44:33.252767 #28486] ERROR -- : Not Saved 
E, [2015-03-22T00:44:33.256964 #28486] ERROR -- : Not Saved 
E, [2015-03-22T00:44:33.259342 #28486] ERROR -- : Not Saved 
E, [2015-03-22T00:44:33.261586 #28486] ERROR -- : Not Saved 
E, [2015-03-22T00:44:33.263451 #28486] ERROR -- : Not Saved 
E, [2015-03-22T00:44:33.265994 #28486] ERROR -- : Not Saved 
E, [2015-03-22T00:44:33.268276 #28486] ERROR -- : Not Saved 
E, [2015-03-22T00:44:33.269887 #28486] ERROR -- : Not Saved 
E, [2015-03-22T00:44:33.271787 #28486] ERROR -- : Not Saved 
E, [2015-03-22T00:44:33.273807 #28486] ERROR -- : Not Saved 
E, [2015-03-22T00:44:33.275118 #28486] ERROR -- : Not Saved 
E, [2015-03-22T00:44:33.276395 #28486] ERROR -- : Not Saved 
E, [2015-03-22T00:44:33.277739 #28486] ERROR -- : Not Saved 
E, [2015-03-22T00:44:33.279286 #28486] ERROR -- : Not Saved 
E, [2015-03-22T00:44:33.280746 #28486] ERROR -- : Not Saved 
E, [2015-03-22T00:44:33.282218 #28486] ERROR -- : Not Saved 
E, [2015-03-22T00:44:33.284121 #28486] ERROR -- : Not Saved 
E, [2015-03-22T00:44:33.286561 #28486] ERROR -- : Not Saved 
E, [2015-03-22T00:44:33.288836 #28486] ERROR -- : Not Saved 
E, [2015-03-22T00:44:33.291133 #28486] ERROR -- : Not Saved 
E, [2015-03-22T00:44:33.293743 #28486] ERROR -- : Not Saved 
E, [2015-03-22T00:44:33.295457 #28486] ERROR -- : Not Saved 
E, [2015-03-22T00:44:33.297004 #28486] ERROR -- : Not Saved 
E, [2015-03-22T00:44:33.298533 #28486] ERROR -- : Not Saved 
E, [2015-03-22T00:44:33.299720 #28486] ERROR -- : Not Saved 
E, [2015-03-22T00:44:33.300907 #28486] ERROR -- : Not Saved 
E, [2015-03-22T00:44:33.302174 #28486] ERROR -- : Not Saved 
E, [2015-03-22T00:44:33.303666 #28486] ERROR -- : Not Saved 
E, [2015-03-22T00:44:33.305382 #28486] ERROR -- : Not Saved 
E, [2015-03-22T00:44:33.306753 #28486] ERROR -- : Not Saved 
E, [2015-03-22T00:44:33.308491 #28486] ERROR -- : Not Saved 
E, [2015-03-22T00:44:33.310042 #28486] ERROR -- : Not Saved 
E, [2015-03-22T00:44:33.311381 #28486] ERROR -- : Not Saved 
E, [2015-03-22T00:44:33.312587 #28486] ERROR -- : Not Saved 
E, [2015-03-22T00:44:33.314489 #28486] ERROR -- : Not Saved 
E, [2015-03-22T00:44:33.317231 #28486] ERROR -- : Not Saved 
E, [2015-03-22T00:44:33.319794 #28486] ERROR -- : Not Saved 
E, [2015-03-22T00:44:33.322585 #28486] ERROR -- : Not Saved 
E, [2015-03-22T00:44:33.324750 #28486] ERROR -- : Not Saved 
E, [2015-03-22T00:44:33.326282 #28486] ERROR -- : Not Saved 
E, [2015-03-22T00:44:33.327546 #28486] ERROR -- : Not Saved 
E, [2015-03-22T00:44:33.329042 #28486] ERROR -- : Not Saved 
E, [2015-03-22T00:44:33.330506 #28486] ERROR -- : Not Saved 
E, [2015-03-22T00:44:33.331927 #28486] ERROR -- : Not Saved 
E, [2015-03-22T00:44:33.333421 #28486] ERROR -- : Not Saved 
E, [2015-03-22T00:44:33.334683 #28486] ERROR -- : Not Saved 
E, [2015-03-22T00:44:33.335846 #28486] ERROR -- : Not Saved 
E, [2015-03-22T00:44:33.337112 #28486] ERROR -- : Not Saved 
E, [2015-03-22T00:44:33.338795 #28486] ERROR -- : Not Saved 
E, [2015-03-22T00:44:33.340735 #28486] ERROR -- : Not Saved 
E, [2015-03-22T00:44:33.342594 #28486] ERROR -- : Not Saved 
E, [2015-03-22T00:44:33.344151 #28486] ERROR -- : Not Saved 
E, [2015-03-22T00:44:33.345598 #28486] ERROR -- : Not Saved 
E, [2015-03-22T00:44:33.347270 #28486] ERROR -- : Not Saved 
E, [2015-03-22T00:44:33.349422 #28486] ERROR -- : Not Saved 
E, [2015-03-22T00:44:33.351901 #28486] ERROR -- : Not Saved 
E, [2015-03-22T00:44:33.354396 #28486] ERROR -- : Not Saved 
E, [2015-03-22T00:44:33.356799 #28486] ERROR -- : Not Saved 
E, [2015-03-22T00:44:33.358494 #28486] ERROR -- : Not Saved 
E, [2015-03-22T00:44:33.359787 #28486] ERROR -- : Not Saved 
E, [2015-03-22T00:44:33.361350 #28486] ERROR -- : Not Saved 
E, [2015-03-22T00:44:33.362683 #28486] ERROR -- : Not Saved 
E, [2015-03-22T00:44:33.364332 #28486] ERROR -- : Not Saved 
E, [2015-03-22T00:44:33.366837 #28486] ERROR -- : Not Saved 
E, [2015-03-22T00:44:33.369634 #28486] ERROR -- : Not Saved 
E, [2015-03-22T00:44:33.372145 #28486] ERROR -- : Not Saved 
E, [2015-03-22T00:44:33.373675 #28486] ERROR -- : Not Saved 
E, [2015-03-22T00:44:33.375034 #28486] ERROR -- : Not Saved 
E, [2015-03-22T00:44:33.376324 #28486] ERROR -- : Not Saved 
E, [2015-03-22T00:44:33.378234 #28486] ERROR -- : Not Saved 
E, [2015-03-22T00:44:33.380765 #28486] ERROR -- : Not Saved 
E, [2015-03-22T00:44:33.383432 #28486] ERROR -- : Not Saved 
E, [2015-03-22T00:44:33.386415 #28486] ERROR -- : Not Saved 
E, [2015-03-22T00:44:33.388648 #28486] ERROR -- : Not Saved 
E, [2015-03-22T00:44:33.390124 #28486] ERROR -- : Not Saved 
E, [2015-03-22T00:44:33.391460 #28486] ERROR -- : Not Saved 
E, [2015-03-22T00:44:33.393019 #28486] ERROR -- : Not Saved 
E, [2015-03-22T00:44:33.394545 #28486] ERROR -- : Not Saved 
E, [2015-03-22T00:44:33.397429 #28486] ERROR -- : Not Saved 
E, [2015-03-22T00:44:33.398872 #28486] ERROR -- : Not Saved 
E, [2015-03-22T00:44:33.400196 #28486] ERROR -- : Not Saved 
E, [2015-03-22T00:44:33.401593 #28486] ERROR -- : Not Saved 
E, [2015-03-22T00:44:33.402799 #28486] ERROR -- : Not Saved 
E, [2015-03-22T00:44:33.404582 #28486] ERROR -- : Not Saved 
E, [2015-03-22T00:44:33.406190 #28486] ERROR -- : Not Saved 
E, [2015-03-22T00:44:33.408442 #28486] ERROR -- : Not Saved 
E, [2015-03-22T00:44:33.411276 #28486] ERROR -- : Not Saved 
E, [2015-03-22T00:44:33.413497 #28486] ERROR -- : Not Saved 
E, [2015-03-22T00:44:33.415724 #28486] ERROR -- : Not Saved 
E, [2015-03-22T00:44:33.417330 #28486] ERROR -- : Not Saved 
E, [2015-03-22T00:44:33.418845 #28486] ERROR -- : Not Saved 
E, [2015-03-22T00:44:33.420374 #28486] ERROR -- : Not Saved 
E, [2015-03-22T00:44:33.421983 #28486] ERROR -- : Not Saved 
E, [2015-03-22T00:44:33.423465 #28486] ERROR -- : Not Saved 
E, [2015-03-22T00:44:33.424713 #28486] ERROR -- : Not Saved 
E, [2015-03-22T00:44:33.425993 #28486] ERROR -- : Not Saved 
E, [2015-03-22T00:44:33.427155 #28486] ERROR -- : Not Saved 
E, [2015-03-22T00:44:33.428546 #28486] ERROR -- : Not Saved 
E, [2015-03-22T00:44:33.429940 #28486] ERROR -- : Not Saved 
E, [2015-03-22T00:44:33.431572 #28486] ERROR -- : Not Saved 
E, [2015-03-22T00:44:33.433192 #28486] ERROR -- : Not Saved 
E, [2015-03-22T00:44:33.434362 #28486] ERROR -- : Not Saved 
E, [2015-03-22T00:44:33.435550 #28486] ERROR -- : Not Saved 
E, [2015-03-22T00:44:33.436842 #28486] ERROR -- : Not Saved 
E, [2015-03-22T00:44:33.438948 #28486] ERROR -- : Not Saved 
E, [2015-03-22T00:44:33.441663 #28486] ERROR -- : Not Saved 
E, [2015-03-22T00:44:33.444575 #28486] ERROR -- : Not Saved 
E, [2015-03-22T00:44:33.447733 #28486] ERROR -- : Not Saved 
E, [2015-03-22T00:44:33.449352 #28486] ERROR -- : Not Saved 
E, [2015-03-22T00:44:33.450717 #28486] ERROR -- : Not Saved 
E, [2015-03-22T00:44:33.451991 #28486] ERROR -- : Not Saved 
E, [2015-03-22T00:44:33.453657 #28486] ERROR -- : Not Saved 
E, [2015-03-22T00:44:33.455492 #28486] ERROR -- : Not Saved 
E, [2015-03-22T00:44:33.457491 #28486] ERROR -- : Not Saved 
E, [2015-03-22T00:44:33.459835 #28486] ERROR -- : Not Saved 
E, [2015-03-22T00:44:33.461799 #28486] ERROR -- : Not Saved 
E, [2015-03-22T00:44:33.463281 #28486] ERROR -- : Not Saved 
E, [2015-03-22T00:44:33.464716 #28486] ERROR -- : Not Saved 
E, [2015-03-22T00:44:33.466260 #28486] ERROR -- : Not Saved 
E, [2015-03-22T00:44:33.467779 #28486] ERROR -- : Not Saved 
E, [2015-03-22T00:44:33.469833 #28486] ERROR -- : Not Saved 
E, [2015-03-22T00:44:33.473683 #28486] ERROR -- : Not Saved 
E, [2015-03-22T00:44:33.475868 #28486] ERROR -- : Not Saved 
E, [2015-03-22T00:44:33.478450 #28486] ERROR -- : Not Saved 
E, [2015-03-22T00:44:33.480422 #28486] ERROR -- : Not Saved 
E, [2015-03-22T00:44:33.482037 #28486] ERROR -- : Not Saved 
E, [2015-03-22T00:44:33.483536 #28486] ERROR -- : Not Saved 
E, [2015-03-22T00:44:33.484993 #28486] ERROR -- : Not Saved 
E, [2015-03-22T00:44:33.486515 #28486] ERROR -- : Not Saved 
E, [2015-03-22T00:44:33.487863 #28486] ERROR -- : Not Saved 
E, [2015-03-22T00:44:33.489163 #28486] ERROR -- : Not Saved 
E, [2015-03-22T00:44:33.490364 #28486] ERROR -- : Not Saved 
E, [2015-03-22T00:44:33.491855 #28486] ERROR -- : Not Saved 
E, [2015-03-22T00:44:33.493504 #28486] ERROR -- : Not Saved 
E, [2015-03-22T00:44:33.495085 #28486] ERROR -- : Not Saved 
I, [2015-03-22T00:46:15.429099 #28522]  INFO -- : #<StringIO:0x0000000207aba0>
I, [2015-03-22T00:46:26.526639 #28530]  INFO -- : #<StringIO:0x0000000204ba30>
I, [2015-03-22T00:49:29.560727 #28593]  INFO -- : #<StringIO:0x00000001ff5090>
I, [2015-03-22T00:49:29.579436 #28593]  INFO -- : Saved 
I, [2015-03-22T00:49:29.583292 #28593]  INFO -- : Saved 
I, [2015-03-22T00:49:29.587749 #28593]  INFO -- : Saved 
I, [2015-03-22T00:49:29.592195 #28593]  INFO -- : Saved 
I, [2015-03-22T00:49:29.597088 #28593]  INFO -- : Saved 
I, [2015-03-22T00:49:29.602813 #28593]  INFO -- : Saved 
I, [2015-03-22T00:49:29.612962 #28593]  INFO -- : Saved 
I, [2015-03-22T00:49:29.616889 #28593]  INFO -- : Saved 
I, [2015-03-22T00:49:29.623662 #28593]  INFO -- : Saved 
I, [2015-03-22T00:49:29.629235 #28593]  INFO -- : Saved 
I, [2015-03-22T00:49:29.632538 #28593]  INFO -- : Saved 
I, [2015-03-22T00:49:29.635848 #28593]  INFO -- : Saved 
I, [2015-03-22T00:49:29.639496 #28593]  INFO -- : Saved 
I, [2015-03-22T00:49:29.643452 #28593]  INFO -- : Saved 
I, [2015-03-22T00:49:29.649780 #28593]  INFO -- : Saved 
I, [2015-03-22T00:49:29.655254 #28593]  INFO -- : Saved 
I, [2015-03-22T00:49:29.658892 #28593]  INFO -- : Saved 
I, [2015-03-22T00:49:29.671769 #28593]  INFO -- : Saved 
I, [2015-03-22T00:49:29.675945 #28593]  INFO -- : Saved 
I, [2015-03-22T00:49:29.686673 #28593]  INFO -- : Saved 
I, [2015-03-22T00:49:29.690208 #28593]  INFO -- : Saved 
I, [2015-03-22T00:49:29.693136 #28593]  INFO -- : Saved 
I, [2015-03-22T00:49:29.698440 #28593]  INFO -- : Saved 
I, [2015-03-22T00:49:29.703690 #28593]  INFO -- : Saved 
I, [2015-03-22T00:49:29.707066 #28593]  INFO -- : Saved 
I, [2015-03-22T00:49:29.710297 #28593]  INFO -- : Saved 
I, [2015-03-22T00:49:29.714253 #28593]  INFO -- : Saved 
I, [2015-03-22T00:49:29.717111 #28593]  INFO -- : Saved 
I, [2015-03-22T00:49:29.720035 #28593]  INFO -- : Saved 
I, [2015-03-22T00:49:29.724383 #28593]  INFO -- : Saved 
I, [2015-03-22T00:49:29.728931 #28593]  INFO -- : Saved 
I, [2015-03-22T00:49:29.732146 #28593]  INFO -- : Saved 
I, [2015-03-22T00:49:29.736744 #28593]  INFO -- : Saved 
I, [2015-03-22T00:49:29.740039 #28593]  INFO -- : Saved 
I, [2015-03-22T00:49:29.743104 #28593]  INFO -- : Saved 
I, [2015-03-22T00:49:29.746548 #28593]  INFO -- : Saved 
I, [2015-03-22T00:49:29.750538 #28593]  INFO -- : Saved 
I, [2015-03-22T00:49:29.755087 #28593]  INFO -- : Saved 
I, [2015-03-22T00:49:29.759240 #28593]  INFO -- : Saved 
I, [2015-03-22T00:49:29.762424 #28593]  INFO -- : Saved 
I, [2015-03-22T00:49:29.764982 #28593]  INFO -- : Saved 
I, [2015-03-22T00:49:29.771334 #28593]  INFO -- : Saved 
I, [2015-03-22T00:49:29.774713 #28593]  INFO -- : Saved 
I, [2015-03-22T00:49:29.777784 #28593]  INFO -- : Saved 
I, [2015-03-22T00:49:29.780899 #28593]  INFO -- : Saved 
I, [2015-03-22T00:49:29.785637 #28593]  INFO -- : Saved 
I, [2015-03-22T00:49:29.791104 #28593]  INFO -- : Saved 
I, [2015-03-22T00:51:01.384449 #28614]  INFO -- : #<StringIO:0x00000001f66b10>
I, [2015-03-22T00:51:01.401458 #28614]  INFO -- : Saved 
I, [2015-03-22T00:51:01.406491 #28614]  INFO -- : Saved 
I, [2015-03-22T00:51:01.411675 #28614]  INFO -- : Saved 
I, [2015-03-22T00:51:01.417397 #28614]  INFO -- : Saved 
I, [2015-03-22T00:51:01.421507 #28614]  INFO -- : Saved 
I, [2015-03-22T00:51:01.435659 #28614]  INFO -- : Saved 
I, [2015-03-22T00:51:01.440742 #28614]  INFO -- : Saved 
I, [2015-03-22T00:51:01.446264 #28614]  INFO -- : Saved 
I, [2015-03-22T00:51:01.449165 #28614]  INFO -- : Saved 
I, [2015-03-22T00:51:01.452840 #28614]  INFO -- : Saved 
I, [2015-03-22T00:51:01.456217 #28614]  INFO -- : Saved 
I, [2015-03-22T00:51:01.459290 #28614]  INFO -- : Saved 
I, [2015-03-22T00:51:01.463215 #28614]  INFO -- : Saved 
I, [2015-03-22T00:51:01.469032 #28614]  INFO -- : Saved 
I, [2015-03-22T00:51:01.473547 #28614]  INFO -- : Saved 
I, [2015-03-22T00:51:01.478717 #28614]  INFO -- : Saved 
I, [2015-03-22T00:51:01.485057 #28614]  INFO -- : Saved 
I, [2015-03-22T00:51:01.493078 #28614]  INFO -- : Saved 
I, [2015-03-22T00:51:01.499194 #28614]  INFO -- : Saved 
I, [2015-03-22T00:51:01.503188 #28614]  INFO -- : Saved 
I, [2015-03-22T00:51:01.508583 #28614]  INFO -- : Saved 
I, [2015-03-22T00:51:01.514143 #28614]  INFO -- : Saved 
I, [2015-03-22T00:51:01.518961 #28614]  INFO -- : Saved 
I, [2015-03-22T00:51:01.524179 #28614]  INFO -- : Saved 
I, [2015-03-22T00:51:01.528595 #28614]  INFO -- : Saved 
I, [2015-03-22T00:51:01.531644 #28614]  INFO -- : Saved 
I, [2015-03-22T00:51:01.535038 #28614]  INFO -- : Saved 
I, [2015-03-22T00:51:01.541730 #28614]  INFO -- : Saved 
I, [2015-03-22T00:51:01.546929 #28614]  INFO -- : Saved 
I, [2015-03-22T00:51:01.550336 #28614]  INFO -- : Saved 
I, [2015-03-22T00:51:01.553015 #28614]  INFO -- : Saved 
I, [2015-03-22T00:51:01.556358 #28614]  INFO -- : Saved 
I, [2015-03-22T00:51:01.559941 #28614]  INFO -- : Saved 
I, [2015-03-22T00:51:01.562934 #28614]  INFO -- : Saved 
I, [2015-03-22T00:51:01.568345 #28614]  INFO -- : Saved 
I, [2015-03-22T00:51:01.574059 #28614]  INFO -- : Saved 
I, [2015-03-22T00:51:01.576874 #28614]  INFO -- : Saved 
I, [2015-03-22T00:51:01.579691 #28614]  INFO -- : Saved 
I, [2015-03-22T00:51:01.582470 #28614]  INFO -- : Saved 
I, [2015-03-22T00:51:01.584869 #28614]  INFO -- : Saved 
I, [2015-03-22T00:51:01.587598 #28614]  INFO -- : Saved 
I, [2015-03-22T00:51:01.592185 #28614]  INFO -- : Saved 
I, [2015-03-22T00:51:01.597013 #28614]  INFO -- : Saved 
I, [2015-03-22T00:51:01.600129 #28614]  INFO -- : Saved 
I, [2015-03-22T00:51:01.605405 #28614]  INFO -- : Saved 
I, [2015-03-22T00:51:01.610178 #28614]  INFO -- : Saved 
I, [2015-03-22T00:51:01.615132 #28614]  INFO -- : Saved 
I, [2015-03-22T02:13:50.630782 #30443]  INFO -- : #<StringIO:0x0000000166df18>
I, [2015-03-22T02:13:50.688960 #30443]  INFO -- : Saved 
I, [2015-03-22T02:13:50.694929 #30443]  INFO -- : Saved 
I, [2015-03-22T02:13:50.700968 #30443]  INFO -- : Saved 
I, [2015-03-22T02:13:50.714709 #30443]  INFO -- : Saved 
I, [2015-03-22T02:13:50.722887 #30443]  INFO -- : Saved 
I, [2015-03-22T02:13:50.727390 #30443]  INFO -- : Saved 
I, [2015-03-22T02:13:50.736109 #30443]  INFO -- : Saved 
I, [2015-03-22T02:13:50.750030 #30443]  INFO -- : Saved 
I, [2015-03-22T02:13:50.757318 #30443]  INFO -- : Saved 
I, [2015-03-22T02:13:50.761050 #30443]  INFO -- : Saved 
I, [2015-03-22T02:13:50.772715 #30443]  INFO -- : Saved 
I, [2015-03-22T02:13:50.778481 #30443]  INFO -- : Saved 
I, [2015-03-22T02:13:50.782872 #30443]  INFO -- : Saved 
I, [2015-03-22T02:13:50.790949 #30443]  INFO -- : Saved 
I, [2015-03-22T02:13:50.798995 #30443]  INFO -- : Saved 
I, [2015-03-22T02:13:50.808910 #30443]  INFO -- : Saved 
I, [2015-03-22T02:13:50.812768 #30443]  INFO -- : Saved 
I, [2015-03-22T02:13:50.820021 #30443]  INFO -- : Saved 
I, [2015-03-22T02:13:50.825501 #30443]  INFO -- : Saved 
I, [2015-03-22T02:13:50.830940 #30443]  INFO -- : Saved 
I, [2015-03-22T02:13:50.878582 #30443]  INFO -- : Saved 
I, [2015-03-22T02:13:50.883543 #30443]  INFO -- : Saved 
I, [2015-03-22T02:13:50.895130 #30443]  INFO -- : Saved 
I, [2015-03-22T02:13:50.903306 #30443]  INFO -- : Saved 
I, [2015-03-22T02:13:50.912818 #30443]  INFO -- : Saved 
I, [2015-03-22T02:13:50.919106 #30443]  INFO -- : Saved 
I, [2015-03-22T02:13:50.931343 #30443]  INFO -- : Saved 
I, [2015-03-22T02:13:50.940305 #30443]  INFO -- : Saved 
I, [2015-03-22T02:13:50.945913 #30443]  INFO -- : Saved 
I, [2015-03-22T02:13:50.953025 #30443]  INFO -- : Saved 
I, [2015-03-22T02:13:50.957740 #30443]  INFO -- : Saved 
I, [2015-03-22T02:13:50.963943 #30443]  INFO -- : Saved 
I, [2015-03-22T02:13:50.969980 #30443]  INFO -- : Saved 
I, [2015-03-22T02:13:50.977617 #30443]  INFO -- : Saved 
I, [2015-03-22T02:13:50.983441 #30443]  INFO -- : Saved 
I, [2015-03-22T02:13:50.986820 #30443]  INFO -- : Saved 
I, [2015-03-22T02:13:51.000183 #30443]  INFO -- : Saved 
